[2020-06-29T22:00:18.759] [ERROR] error - { method: 'GET',
  url: '/api/teams/getTask',
  body: {},
  costTime: undefined,
  err:
   Error: WHERE parameter "activity_id" has invalid "undefined" value
       at MySQLQueryGenerator.whereItemQuery (F:\找队友App\teammate_server\node_modules\sequelize\lib\dialects\abstract\query-generator.js:2184:13)
       at Utils.getComplexKeys.forEach.prop (F:\找队友App\teammate_server\node_modules\sequelize\lib\dialects\abstract\query-generator.js:2173:25)
       at Array.forEach (<anonymous>)
       at MySQLQueryGenerator.whereItemsQuery (F:\找队友App\teammate_server\node_modules\sequelize\lib\dialects\abstract\query-generator.js:2171:35)
       at MySQLQueryGenerator.getWhereConditions (F:\找队友App\teammate_server\node_modules\sequelize\lib\dialects\abstract\query-generator.js:2583:19)
       at MySQLQueryGenerator.selectQuery (F:\找队友App\teammate_server\node_modules\sequelize\lib\dialects\abstract\query-generator.js:1315:28)
       at QueryInterface.select (F:\找队友App\teammate_server\node_modules\sequelize\lib\query-interface.js:1122:27)
       at Promise.try.then.then.then (F:\找队友App\teammate_server\node_modules\sequelize\lib\model.js:1757:34)
       at tryCatcher (F:\找队友App\teammate_server\node_modules\bluebird\js\release\util.js:16:23)
       at Promise._settlePromiseFromHandler (F:\找队友App\teammate_server\node_modules\bluebird\js\release\promise.js:547:31)
       at Promise._settlePromise (F:\找队友App\teammate_server\node_modules\bluebird\js\release\promise.js:604:18)
       at Promise._settlePromise0 (F:\找队友App\teammate_server\node_modules\bluebird\js\release\promise.js:649:10)
       at Promise._settlePromises (F:\找队友App\teammate_server\node_modules\bluebird\js\release\promise.js:729:18)
       at _drainQueueStep (F:\找队友App\teammate_server\node_modules\bluebird\js\release\async.js:93:12)
       at _drainQueue (F:\找队友App\teammate_server\node_modules\bluebird\js\release\async.js:86:9)
       at Async._drainQueues (F:\找队友App\teammate_server\node_modules\bluebird\js\release\async.js:102:5)
       at Immediate.Async.drainQueues [as _onImmediate] (F:\找队友App\teammate_server\node_modules\bluebird\js\release\async.js:15:14)
       at runCallback (timers.js:705:18)
       at tryOnImmediate (timers.js:676:5)
       at processImmediate (timers.js:658:5) }
[2020-06-29T22:00:18.799] [ERROR] error - { method: 'GET',
  url: '/api/teams/getTeamuser',
  body: {},
  costTime: undefined,
  err:
   Error: WHERE parameter "activity_id" has invalid "undefined" value
       at MySQLQueryGenerator.whereItemQuery (F:\找队友App\teammate_server\node_modules\sequelize\lib\dialects\abstract\query-generator.js:2184:13)
       at Utils.getComplexKeys.forEach.prop (F:\找队友App\teammate_server\node_modules\sequelize\lib\dialects\abstract\query-generator.js:2173:25)
       at Array.forEach (<anonymous>)
       at MySQLQueryGenerator.whereItemsQuery (F:\找队友App\teammate_server\node_modules\sequelize\lib\dialects\abstract\query-generator.js:2171:35)
       at MySQLQueryGenerator.getWhereConditions (F:\找队友App\teammate_server\node_modules\sequelize\lib\dialects\abstract\query-generator.js:2583:19)
       at MySQLQueryGenerator.selectQuery (F:\找队友App\teammate_server\node_modules\sequelize\lib\dialects\abstract\query-generator.js:1315:28)
       at QueryInterface.select (F:\找队友App\teammate_server\node_modules\sequelize\lib\query-interface.js:1122:27)
       at Promise.try.then.then.then (F:\找队友App\teammate_server\node_modules\sequelize\lib\model.js:1757:34)
       at tryCatcher (F:\找队友App\teammate_server\node_modules\bluebird\js\release\util.js:16:23)
       at Promise._settlePromiseFromHandler (F:\找队友App\teammate_server\node_modules\bluebird\js\release\promise.js:547:31)
       at Promise._settlePromise (F:\找队友App\teammate_server\node_modules\bluebird\js\release\promise.js:604:18)
       at Promise._settlePromise0 (F:\找队友App\teammate_server\node_modules\bluebird\js\release\promise.js:649:10)
       at Promise._settlePromises (F:\找队友App\teammate_server\node_modules\bluebird\js\release\promise.js:729:18)
       at _drainQueueStep (F:\找队友App\teammate_server\node_modules\bluebird\js\release\async.js:93:12)
       at _drainQueue (F:\找队友App\teammate_server\node_modules\bluebird\js\release\async.js:86:9)
       at Async._drainQueues (F:\找队友App\teammate_server\node_modules\bluebird\js\release\async.js:102:5)
       at Immediate.Async.drainQueues [as _onImmediate] (F:\找队友App\teammate_server\node_modules\bluebird\js\release\async.js:15:14)
       at runCallback (timers.js:705:18)
       at tryOnImmediate (timers.js:676:5)
       at processImmediate (timers.js:658:5) }
[2020-07-06T10:14:20.320] [ERROR] error - { method: 'GET',
  url: '/index',
  body: {},
  costTime: undefined,
  err:
   { ReferenceError: F:\找队友App\teammate_server\views\index.html:18
       16| 		<ul>
       17| 		 	<li>欢迎您！</li>
    >> 18| 			<li><%=userInfo.user_name%></li>
       19| 			<li><a href="/logout">退出</a></li>
       20| 		</ul>
       21| 	</div>
   
   userInfo is not defined
       at eval (eval at compile (F:\找队友App\teammate_server\node_modules\ejs\lib\ejs.js:464:12), <anonymous>:11:23)
       at returnedFn (F:\找队友App\teammate_server\node_modules\ejs\lib\ejs.js:493:17)
       at F:\找队友App\teammate_server\node_modules\consolidate\lib\consolidate.js:645:16
       at F:\找队友App\teammate_server\node_modules\consolidate\lib\consolidate.js:161:5
       at Promise._execute (F:\找队友App\teammate_server\node_modules\bluebird\js\release\debuggability.js:427:9)
       at Promise._resolveFromExecutor (F:\找队友App\teammate_server\node_modules\bluebird\js\release\promise.js:518:18)
       at new Promise (F:\找队友App\teammate_server\node_modules\bluebird\js\release\promise.js:103:10)
       at promisify (F:\找队友App\teammate_server\node_modules\consolidate\lib\consolidate.js:154:10)
       at Function.exports.ejs.render (F:\找队友App\teammate_server\node_modules\consolidate\lib\consolidate.js:641:10)
       at F:\找队友App\teammate_server\node_modules\consolidate\lib\consolidate.js:181:27
       at F:\找队友App\teammate_server\node_modules\consolidate\lib\consolidate.js:101:5
       at FSReqWrap.readFileAfterClose [as oncomplete] (internal/fs/read_file_context.js:53:3) path: 'F:\\找队友App\\teammate_server\\views\\index.html' } }
